17:07:35.37 [INFO] handling request: `--pants-bin-name=./pants --pants-version=2.6.1rc2 --version`
17:07:35.73 [INFO] request completed: `--pants-bin-name=./pants --pants-version=2.6.1rc2 --version`
17:07:40.73 [INFO] notify invalidation: cleared 0 and dirtied 0 nodes for: {"src/python/app", "src/python/app/BUILD"}
17:07:40.73 [INFO] notify invalidation: cleared 0 and dirtied 0 nodes for: {"src/python/app/BUILD", "src/python/app"}
17:07:45.64 [INFO] notify invalidation: cleared 0 and dirtied 0 nodes for: {"src/python/app/BUILD", "src/python/app"}
17:07:45.64 [INFO] notify invalidation: cleared 0 and dirtied 0 nodes for: {"src/python/app", "src/python/app/BUILD"}
17:07:45.67 [INFO] notify invalidation: cleared 0 and dirtied 0 nodes for: {"src/python/app/BUILD", "src/python/app"}
17:07:45.67 [INFO] notify invalidation: cleared 0 and dirtied 0 nodes for: {"src/python/app/BUILD", "src/python/app"}
17:07:45.67 [INFO] notify invalidation: cleared 0 and dirtied 0 nodes for: {"src/python/app", "src/python/app/BUILD"}
17:07:45.67 [INFO] notify invalidation: cleared 0 and dirtied 0 nodes for: {"src/python/app", "src/python/app/BUILD"}
17:07:58.51 [INFO] notify invalidation: cleared 0 and dirtied 0 nodes for: {"src/python/app/api", "src/python/app/api/python_library()"}
17:07:58.51 [INFO] notify invalidation: cleared 0 and dirtied 0 nodes for: {"src/python/app/api/python_library()", "src/python/app/api"}
17:08:02.68 [INFO] notify invalidation: cleared 0 and dirtied 0 nodes for: {"src/python/app/api/python_library()", "src/python/app/api"}
17:08:02.68 [INFO] notify invalidation: cleared 0 and dirtied 0 nodes for: {"src/python/app/api", "src/python/app/api/python_library()"}
17:08:02.68 [INFO] notify invalidation: cleared 0 and dirtied 0 nodes for: {"src/python/app/api", "src/python/app/api/python_library()"}
17:08:02.68 [INFO] notify invalidation: cleared 0 and dirtied 0 nodes for: {"src/python/app/api", "src/python/app/api/python_library()"}
17:08:02.68 [INFO] notify invalidation: cleared 0 and dirtied 0 nodes for: {"src/python/app/api", "src/python/app/api/BUILD"}
17:08:02.68 [INFO] notify invalidation: cleared 0 and dirtied 0 nodes for: {"src/python/app/api", "src/python/app/api/BUILD"}
17:08:02.68 [INFO] notify invalidation: cleared 0 and dirtied 0 nodes for: {"src/python/app/api/BUILD", "src/python/app/api"}
17:08:02.68 [INFO] notify invalidation: cleared 0 and dirtied 0 nodes for: {"src/python/app/api/BUILD", "src/python/app/api"}
17:08:04.61 [INFO] notify invalidation: cleared 0 and dirtied 0 nodes for: {"src/python/app/api/BUILD", "src/python/app/api"}
17:08:04.61 [INFO] notify invalidation: cleared 0 and dirtied 0 nodes for: {"src/python/app/api/BUILD", "src/python/app/api"}
17:08:04.62 [INFO] notify invalidation: cleared 0 and dirtied 0 nodes for: {"src/python/app/api", "src/python/app/api/BUILD"}
17:08:04.62 [INFO] notify invalidation: cleared 0 and dirtied 0 nodes for: {"src/python/app/api", "src/python/app/api/BUILD"}
17:08:04.63 [INFO] notify invalidation: cleared 0 and dirtied 0 nodes for: {"src/python/app/api", "src/python/app/api/BUILD"}
17:08:04.63 [INFO] notify invalidation: cleared 0 and dirtied 0 nodes for: {"src/python/app/api", "src/python/app/api/BUILD"}
17:08:04.63 [INFO] notify invalidation: cleared 0 and dirtied 0 nodes for: {"src/python/app/api/BUILD", "src/python/app/api"}
17:08:04.63 [INFO] notify invalidation: cleared 0 and dirtied 0 nodes for: {"src/python/app/api", "src/python/app/api/BUILD"}
17:08:04.63 [INFO] notify invalidation: cleared 0 and dirtied 0 nodes for: {"src/python/app/api", "src/python/app/api/BUILD"}
17:08:04.63 [INFO] notify invalidation: cleared 0 and dirtied 0 nodes for: {"src/python/app/api", "src/python/app/api/BUILD"}
17:08:14.88 [INFO] notify invalidation: cleared 0 and dirtied 0 nodes for: {"src/python/app/api/v1", "src/python/app/api/v1/BUILD"}
17:08:14.88 [INFO] notify invalidation: cleared 0 and dirtied 0 nodes for: {"src/python/app/api/v1", "src/python/app/api/v1/BUILD"}
17:08:14.88 [INFO] notify invalidation: cleared 0 and dirtied 0 nodes for: {"src/python/app/api/v1", "src/python/app/api/v1/BUILD"}
17:08:14.88 [INFO] notify invalidation: cleared 0 and dirtied 0 nodes for: {"src/python/app/api/v1/BUILD", "src/python/app/api/v1"}
17:08:14.88 [INFO] notify invalidation: cleared 0 and dirtied 0 nodes for: {"src/python/app/api/v1/BUILD", "src/python/app/api/v1"}
17:08:14.88 [INFO] notify invalidation: cleared 0 and dirtied 0 nodes for: {"src/python/app/api/v1", "src/python/app/api/v1/BUILD"}
17:08:14.88 [INFO] notify invalidation: cleared 0 and dirtied 0 nodes for: {"src/python/app/api/v1/BUILD", "src/python/app/api/v1"}
17:08:14.88 [INFO] notify invalidation: cleared 0 and dirtied 0 nodes for: {"src/python/app/api/v1", "src/python/app/api/v1/BUILD"}
17:08:15.55 [INFO] notify invalidation: cleared 0 and dirtied 0 nodes for: {"src/python/app/api/v1/BUILD", "src/python/app/api/v1"}
17:08:15.55 [INFO] notify invalidation: cleared 0 and dirtied 0 nodes for: {"src/python/app/api/v1", "src/python/app/api/v1/BUILD"}
17:08:15.56 [INFO] notify invalidation: cleared 0 and dirtied 0 nodes for: {"src/python/app/api/v1", "src/python/app/api/v1/BUILD"}
17:08:15.56 [INFO] notify invalidation: cleared 0 and dirtied 0 nodes for: {"src/python/app/api/v1", "src/python/app/api/v1/BUILD"}
17:08:15.56 [INFO] notify invalidation: cleared 0 and dirtied 0 nodes for: {"src/python/app/api/v1", "src/python/app/api/v1/BUILD"}
17:08:15.56 [INFO] notify invalidation: cleared 0 and dirtied 0 nodes for: {"src/python/app/api/v1", "src/python/app/api/v1/BUILD"}
17:08:15.56 [INFO] notify invalidation: cleared 0 and dirtied 0 nodes for: {"src/python/app/api/v1/BUILD", "src/python/app/api/v1"}
17:08:15.56 [INFO] notify invalidation: cleared 0 and dirtied 0 nodes for: {"src/python/app/api/v1", "src/python/app/api/v1/BUILD"}
17:08:15.57 [INFO] notify invalidation: cleared 0 and dirtied 0 nodes for: {"src/python/app/api/v1", "src/python/app/api/v1/BUILD"}
17:08:15.57 [INFO] notify invalidation: cleared 0 and dirtied 0 nodes for: {"src/python/app/api/v1", "src/python/app/api/v1/BUILD"}
17:08:15.57 [INFO] notify invalidation: cleared 0 and dirtied 0 nodes for: {"src/python/app/api/v1", "src/python/app/api/v1/BUILD"}
17:08:15.57 [INFO] notify invalidation: cleared 0 and dirtied 0 nodes for: {"src/python/app/api/v1", "src/python/app/api/v1/BUILD"}
17:08:15.57 [INFO] notify invalidation: cleared 0 and dirtied 0 nodes for: {"src/python/app/api/v1", "src/python/app/api/v1/BUILD"}
17:08:15.57 [INFO] notify invalidation: cleared 0 and dirtied 0 nodes for: {"src/python/app/api/v1", "src/python/app/api/v1/BUILD"}
17:08:15.57 [INFO] notify invalidation: cleared 0 and dirtied 0 nodes for: {"src/python/app/api/v1", "src/python/app/api/v1/BUILD"}
17:08:15.57 [INFO] notify invalidation: cleared 0 and dirtied 0 nodes for: {"src/python/app/api/v1", "src/python/app/api/v1/BUILD"}
17:08:30.01 [INFO] notify invalidation: cleared 0 and dirtied 0 nodes for: {"src/python/app/core", "src/python/app/core/BUILD copy"}
17:08:30.01 [INFO] notify invalidation: cleared 0 and dirtied 0 nodes for: {"src/python/app/core", "src/python/app/core/BUILD copy"}
17:08:30.01 [INFO] notify invalidation: cleared 0 and dirtied 0 nodes for: {"src/python/app/core/BUILD copy", "src/python/app/core"}
17:08:30.01 [INFO] notify invalidation: cleared 0 and dirtied 0 nodes for: {"src/python/app/core", "src/python/app/core/BUILD copy"}
17:08:30.01 [INFO] notify invalidation: cleared 0 and dirtied 0 nodes for: {"src/python/app/core", "src/python/app/core/BUILD copy"}
17:08:30.01 [INFO] notify invalidation: cleared 0 and dirtied 0 nodes for: {"src/python/app/core", "src/python/app/core/BUILD copy"}
17:08:30.01 [INFO] notify invalidation: cleared 0 and dirtied 0 nodes for: {"src/python/app/core/BUILD copy", "src/python/app/core"}
17:08:30.01 [INFO] notify invalidation: cleared 0 and dirtied 0 nodes for: {"src/python/app/core", "src/python/app/core/BUILD copy"}
17:08:30.71 [INFO] notify invalidation: cleared 0 and dirtied 0 nodes for: {"src/python/app/core", "src/python/app/core/BUILD copy"}
17:08:30.71 [INFO] notify invalidation: cleared 0 and dirtied 0 nodes for: {"src/python/app/core/BUILD copy", "src/python/app/core"}
17:08:30.73 [INFO] notify invalidation: cleared 0 and dirtied 0 nodes for: {"src/python/app/core/BUILD copy", "src/python/app/core"}
17:08:30.73 [INFO] notify invalidation: cleared 0 and dirtied 0 nodes for: {"src/python/app/core", "src/python/app/core/BUILD copy"}
17:08:30.73 [INFO] notify invalidation: cleared 0 and dirtied 0 nodes for: {"src/python/app/core", "src/python/app/core/BUILD copy"}
17:08:30.73 [INFO] notify invalidation: cleared 0 and dirtied 0 nodes for: {"src/python/app/core", "src/python/app/core/BUILD copy"}
17:08:30.73 [INFO] notify invalidation: cleared 0 and dirtied 0 nodes for: {"src/python/app/core", "src/python/app/core/BUILD copy"}
17:08:30.73 [INFO] notify invalidation: cleared 0 and dirtied 0 nodes for: {"src/python/app/core/BUILD copy", "src/python/app/core"}
17:08:30.74 [INFO] notify invalidation: cleared 0 and dirtied 0 nodes for: {"src/python/app/core/BUILD copy", "src/python/app/core"}
17:08:30.74 [INFO] notify invalidation: cleared 0 and dirtied 0 nodes for: {"src/python/app/core", "src/python/app/core/BUILD copy"}
17:08:30.74 [INFO] notify invalidation: cleared 0 and dirtied 0 nodes for: {"src/python/app/core/BUILD copy", "src/python/app/core"}
17:08:30.74 [INFO] notify invalidation: cleared 0 and dirtied 0 nodes for: {"src/python/app/core", "src/python/app/core/BUILD copy"}
17:08:30.74 [INFO] notify invalidation: cleared 0 and dirtied 0 nodes for: {"src/python/app/core", "src/python/app/core/BUILD copy"}
17:08:30.74 [INFO] notify invalidation: cleared 0 and dirtied 0 nodes for: {"src/python/app/core", "src/python/app/core/BUILD copy"}
17:08:30.74 [INFO] notify invalidation: cleared 0 and dirtied 0 nodes for: {"src/python/app/core/BUILD copy", "src/python/app/core"}
17:08:30.74 [INFO] notify invalidation: cleared 0 and dirtied 0 nodes for: {"src/python/app/core", "src/python/app/core/BUILD copy"}
17:08:33.34 [INFO] notify invalidation: cleared 0 and dirtied 0 nodes for: {"src/python/app/core/BUILD copy", "src/python/app/core"}
17:08:33.34 [INFO] notify invalidation: cleared 0 and dirtied 0 nodes for: {"src/python/app/core/BUILD copy", "src/python/app/core"}
17:08:33.34 [INFO] notify invalidation: cleared 0 and dirtied 0 nodes for: {"src/python/app/core/BUILD copy", "src/python/app/core"}
17:08:33.34 [INFO] notify invalidation: cleared 0 and dirtied 0 nodes for: {"src/python/app/core", "src/python/app/core/BUILD copy"}
17:08:33.34 [INFO] notify invalidation: cleared 0 and dirtied 0 nodes for: {"src/python/app/core/BUILD copy", "src/python/app/core"}
17:08:33.34 [INFO] notify invalidation: cleared 0 and dirtied 0 nodes for: {"src/python/app/core/BUILD copy", "src/python/app/core"}
17:08:33.34 [INFO] notify invalidation: cleared 0 and dirtied 0 nodes for: {"src/python/app/core/BUILD copy", "src/python/app/core"}
17:08:33.34 [INFO] notify invalidation: cleared 0 and dirtied 0 nodes for: {"src/python/app/core", "src/python/app/core/BUILD copy"}
17:08:33.34 [INFO] notify invalidation: cleared 0 and dirtied 0 nodes for: {"src/python/app/core/BUILD copy", "src/python/app/core"}
17:08:33.34 [INFO] notify invalidation: cleared 0 and dirtied 0 nodes for: {"src/python/app/core", "src/python/app/core/BUILD copy"}
17:08:38.42 [INFO] notify invalidation: cleared 0 and dirtied 0 nodes for: {"src/python/app/api/v1", "src/python/app/api/v1/BUILD"}
17:08:38.42 [INFO] notify invalidation: cleared 0 and dirtied 0 nodes for: {"src/python/app/api/v1", "src/python/app/api/v1/BUILD"}
17:08:38.43 [INFO] notify invalidation: cleared 0 and dirtied 0 nodes for: {"src/python/app/api/v1/BUILD", "src/python/app/api/v1"}
17:08:38.43 [INFO] notify invalidation: cleared 0 and dirtied 0 nodes for: {"src/python/app/api/v1/BUILD", "src/python/app/api/v1"}
17:08:38.43 [INFO] notify invalidation: cleared 0 and dirtied 0 nodes for: {"src/python/app/api/v1/BUILD", "src/python/app/api/v1"}
17:08:38.43 [INFO] notify invalidation: cleared 0 and dirtied 0 nodes for: {"src/python/app/api/v1/BUILD", "src/python/app/api/v1"}
17:08:38.43 [INFO] notify invalidation: cleared 0 and dirtied 0 nodes for: {"src/python/app/api/v1/BUILD", "src/python/app/api/v1"}
17:08:38.43 [INFO] notify invalidation: cleared 0 and dirtied 0 nodes for: {"src/python/app/api/v1", "src/python/app/api/v1/BUILD"}
17:08:38.44 [INFO] notify invalidation: cleared 0 and dirtied 0 nodes for: {"src/python/app/api/v1/BUILD", "src/python/app/api/v1"}
17:08:38.44 [INFO] notify invalidation: cleared 0 and dirtied 0 nodes for: {"src/python/app/api/v1", "src/python/app/api/v1/BUILD"}
17:08:38.44 [INFO] notify invalidation: cleared 0 and dirtied 0 nodes for: {"src/python/app/api/v1/BUILD", "src/python/app/api/v1"}
17:08:38.44 [INFO] notify invalidation: cleared 0 and dirtied 0 nodes for: {"src/python/app/api/v1", "src/python/app/api/v1/BUILD"}
17:08:38.44 [INFO] notify invalidation: cleared 0 and dirtied 0 nodes for: {"src/python/app/api/v1/BUILD", "src/python/app/api/v1"}
17:08:38.44 [INFO] notify invalidation: cleared 0 and dirtied 0 nodes for: {"src/python/app/api/v1", "src/python/app/api/v1/BUILD"}
17:08:38.44 [INFO] notify invalidation: cleared 0 and dirtied 0 nodes for: {"src/python/app/api/v1", "src/python/app/api/v1/BUILD"}
17:08:38.44 [INFO] notify invalidation: cleared 0 and dirtied 0 nodes for: {"src/python/app/api/v1/BUILD", "src/python/app/api/v1"}
17:08:38.58 [INFO] notify invalidation: cleared 0 and dirtied 0 nodes for: {"src/python/app/api/v1", "src/python/app/api/v1/BUILD"}
17:08:38.58 [INFO] notify invalidation: cleared 0 and dirtied 0 nodes for: {"src/python/app/api/v1", "src/python/app/api/v1/BUILD"}
17:08:38.58 [INFO] notify invalidation: cleared 0 and dirtied 0 nodes for: {"src/python/app/api/v1", "src/python/app/api/v1/BUILD"}
17:08:38.58 [INFO] notify invalidation: cleared 0 and dirtied 0 nodes for: {"src/python/app/api/v1", "src/python/app/api/v1/BUILD"}
17:08:38.58 [INFO] notify invalidation: cleared 0 and dirtied 0 nodes for: {"src/python/app/api/v1", "src/python/app/api/v1/BUILD"}
17:08:38.58 [INFO] notify invalidation: cleared 0 and dirtied 0 nodes for: {"src/python/app/api/v1", "src/python/app/api/v1/BUILD"}
17:08:38.58 [INFO] notify invalidation: cleared 0 and dirtied 0 nodes for: {"src/python/app/api/v1/BUILD", "src/python/app/api/v1"}
17:08:38.58 [INFO] notify invalidation: cleared 0 and dirtied 0 nodes for: {"src/python/app/api/v1/BUILD", "src/python/app/api/v1"}
17:08:38.59 [INFO] notify invalidation: cleared 0 and dirtied 0 nodes for: {"src/python/app/api/v1", "src/python/app/api/v1/BUILD"}
17:08:38.59 [INFO] notify invalidation: cleared 0 and dirtied 0 nodes for: {"src/python/app/api/v1", "src/python/app/api/v1/BUILD"}
17:08:38.59 [INFO] notify invalidation: cleared 0 and dirtied 0 nodes for: {"src/python/app/api/v1/BUILD", "src/python/app/api/v1"}
17:08:38.59 [INFO] notify invalidation: cleared 0 and dirtied 0 nodes for: {"src/python/app/api/v1/BUILD", "src/python/app/api/v1"}
17:08:38.59 [INFO] notify invalidation: cleared 0 and dirtied 0 nodes for: {"src/python/app/api/v1", "src/python/app/api/v1/BUILD"}
17:08:38.59 [INFO] notify invalidation: cleared 0 and dirtied 0 nodes for: {"src/python/app/api/v1/BUILD", "src/python/app/api/v1"}
17:08:38.59 [INFO] notify invalidation: cleared 0 and dirtied 0 nodes for: {"src/python/app/api/v1", "src/python/app/api/v1/BUILD"}
17:08:38.59 [INFO] notify invalidation: cleared 0 and dirtied 0 nodes for: {"src/python/app/api/v1", "src/python/app/api/v1/BUILD"}
17:08:41.09 [INFO] notify invalidation: cleared 0 and dirtied 0 nodes for: {"src/python/app/crud/BUILD", "src/python/app/crud"}
17:08:41.09 [INFO] notify invalidation: cleared 0 and dirtied 0 nodes for: {"src/python/app/crud", "src/python/app/crud/BUILD"}
17:08:41.09 [INFO] notify invalidation: cleared 0 and dirtied 0 nodes for: {"src/python/app/crud", "src/python/app/crud/BUILD"}
17:08:41.09 [INFO] notify invalidation: cleared 0 and dirtied 0 nodes for: {"src/python/app/crud/BUILD", "src/python/app/crud"}
17:08:41.09 [INFO] notify invalidation: cleared 0 and dirtied 0 nodes for: {"src/python/app/crud", "src/python/app/crud/BUILD"}
17:08:41.09 [INFO] notify invalidation: cleared 0 and dirtied 0 nodes for: {"src/python/app/crud", "src/python/app/crud/BUILD"}
17:08:41.09 [INFO] notify invalidation: cleared 0 and dirtied 0 nodes for: {"src/python/app/crud", "src/python/app/crud/BUILD"}
17:08:41.09 [INFO] notify invalidation: cleared 0 and dirtied 0 nodes for: {"src/python/app/crud/BUILD", "src/python/app/crud"}
17:08:41.58 [INFO] notify invalidation: cleared 0 and dirtied 0 nodes for: {"src/python/app/crud", "src/python/app/crud/BUILD"}
17:08:41.58 [INFO] notify invalidation: cleared 0 and dirtied 0 nodes for: {"src/python/app/crud/BUILD", "src/python/app/crud"}
17:08:41.58 [INFO] notify invalidation: cleared 0 and dirtied 0 nodes for: {"src/python/app/crud/BUILD", "src/python/app/crud"}
17:08:41.58 [INFO] notify invalidation: cleared 0 and dirtied 0 nodes for: {"src/python/app/crud", "src/python/app/crud/BUILD"}
17:08:41.58 [INFO] notify invalidation: cleared 0 and dirtied 0 nodes for: {"src/python/app/crud/BUILD", "src/python/app/crud"}
17:08:41.58 [INFO] notify invalidation: cleared 0 and dirtied 0 nodes for: {"src/python/app/crud", "src/python/app/crud/BUILD"}
17:08:41.58 [INFO] notify invalidation: cleared 0 and dirtied 0 nodes for: {"src/python/app/crud/BUILD", "src/python/app/crud"}
17:08:41.58 [INFO] notify invalidation: cleared 0 and dirtied 0 nodes for: {"src/python/app/crud/BUILD", "src/python/app/crud"}
17:08:41.60 [INFO] notify invalidation: cleared 0 and dirtied 0 nodes for: {"src/python/app/crud", "src/python/app/crud/BUILD"}
17:08:41.60 [INFO] notify invalidation: cleared 0 and dirtied 0 nodes for: {"src/python/app/crud", "src/python/app/crud/BUILD"}
17:08:41.60 [INFO] notify invalidation: cleared 0 and dirtied 0 nodes for: {"src/python/app/crud", "src/python/app/crud/BUILD"}
17:08:41.60 [INFO] notify invalidation: cleared 0 and dirtied 0 nodes for: {"src/python/app/crud", "src/python/app/crud/BUILD"}
17:08:41.60 [INFO] notify invalidation: cleared 0 and dirtied 0 nodes for: {"src/python/app/crud/BUILD", "src/python/app/crud"}
17:08:41.60 [INFO] notify invalidation: cleared 0 and dirtied 0 nodes for: {"src/python/app/crud", "src/python/app/crud/BUILD"}
17:08:41.60 [INFO] notify invalidation: cleared 0 and dirtied 0 nodes for: {"src/python/app/crud/BUILD", "src/python/app/crud"}
17:08:41.60 [INFO] notify invalidation: cleared 0 and dirtied 0 nodes for: {"src/python/app/crud", "src/python/app/crud/BUILD"}
17:08:50.98 [INFO] notify invalidation: cleared 0 and dirtied 0 nodes for: {"src/python/app/models", "src/python/app/models/BUILD"}
17:08:50.98 [INFO] notify invalidation: cleared 0 and dirtied 0 nodes for: {"src/python/app/models/BUILD", "src/python/app/models"}
17:08:50.98 [INFO] notify invalidation: cleared 0 and dirtied 0 nodes for: {"src/python/app/models", "src/python/app/models/BUILD"}
17:08:50.98 [INFO] notify invalidation: cleared 0 and dirtied 0 nodes for: {"src/python/app/models", "src/python/app/models/BUILD"}
17:08:50.98 [INFO] notify invalidation: cleared 0 and dirtied 0 nodes for: {"src/python/app/models", "src/python/app/models/BUILD"}
17:08:50.98 [INFO] notify invalidation: cleared 0 and dirtied 0 nodes for: {"src/python/app/models", "src/python/app/models/BUILD"}
17:08:50.98 [INFO] notify invalidation: cleared 0 and dirtied 0 nodes for: {"src/python/app/models/BUILD", "src/python/app/models"}
17:08:50.98 [INFO] notify invalidation: cleared 0 and dirtied 0 nodes for: {"src/python/app/models/BUILD", "src/python/app/models"}
17:08:51.41 [INFO] notify invalidation: cleared 0 and dirtied 0 nodes for: {"src/python/app/models", "src/python/app/models/BUILD"}
17:08:51.41 [INFO] notify invalidation: cleared 0 and dirtied 0 nodes for: {"src/python/app/models", "src/python/app/models/BUILD"}
17:08:51.42 [INFO] notify invalidation: cleared 0 and dirtied 0 nodes for: {"src/python/app/models", "src/python/app/models/BUILD"}
17:08:51.42 [INFO] notify invalidation: cleared 0 and dirtied 0 nodes for: {"src/python/app/models/BUILD", "src/python/app/models"}
17:08:51.42 [INFO] notify invalidation: cleared 0 and dirtied 0 nodes for: {"src/python/app/models/BUILD", "src/python/app/models"}
17:08:51.42 [INFO] notify invalidation: cleared 0 and dirtied 0 nodes for: {"src/python/app/models/BUILD", "src/python/app/models"}
17:08:51.42 [INFO] notify invalidation: cleared 0 and dirtied 0 nodes for: {"src/python/app/models", "src/python/app/models/BUILD"}
17:08:51.42 [INFO] notify invalidation: cleared 0 and dirtied 0 nodes for: {"src/python/app/models/BUILD", "src/python/app/models"}
17:08:51.43 [INFO] notify invalidation: cleared 0 and dirtied 0 nodes for: {"src/python/app/models", "src/python/app/models/BUILD"}
17:08:51.43 [INFO] notify invalidation: cleared 0 and dirtied 0 nodes for: {"src/python/app/models/BUILD", "src/python/app/models"}
17:08:51.43 [INFO] notify invalidation: cleared 0 and dirtied 0 nodes for: {"src/python/app/models/BUILD", "src/python/app/models"}
17:08:51.43 [INFO] notify invalidation: cleared 0 and dirtied 0 nodes for: {"src/python/app/models/BUILD", "src/python/app/models"}
17:08:51.43 [INFO] notify invalidation: cleared 0 and dirtied 0 nodes for: {"src/python/app/models/BUILD", "src/python/app/models"}
17:08:51.43 [INFO] notify invalidation: cleared 0 and dirtied 0 nodes for: {"src/python/app/models", "src/python/app/models/BUILD"}
17:08:51.43 [INFO] notify invalidation: cleared 0 and dirtied 0 nodes for: {"src/python/app/models/BUILD", "src/python/app/models"}
17:08:51.43 [INFO] notify invalidation: cleared 0 and dirtied 0 nodes for: {"src/python/app/models/BUILD", "src/python/app/models"}
17:08:55.74 [INFO] Extending leases
17:08:55.74 [INFO] Done extending leases
17:08:59.42 [INFO] notify invalidation: cleared 0 and dirtied 0 nodes for: {"src/python/app/schemas", "src/python/app/schemas/BUILD"}
17:08:59.42 [INFO] notify invalidation: cleared 0 and dirtied 0 nodes for: {"src/python/app/schemas", "src/python/app/schemas/BUILD"}
17:08:59.42 [INFO] notify invalidation: cleared 0 and dirtied 0 nodes for: {"src/python/app/schemas", "src/python/app/schemas/BUILD"}
17:08:59.42 [INFO] notify invalidation: cleared 0 and dirtied 0 nodes for: {"src/python/app/schemas/BUILD", "src/python/app/schemas"}
17:08:59.42 [INFO] notify invalidation: cleared 0 and dirtied 0 nodes for: {"src/python/app/schemas", "src/python/app/schemas/BUILD"}
17:08:59.42 [INFO] notify invalidation: cleared 0 and dirtied 0 nodes for: {"src/python/app/schemas", "src/python/app/schemas/BUILD"}
17:08:59.42 [INFO] notify invalidation: cleared 0 and dirtied 0 nodes for: {"src/python/app/schemas", "src/python/app/schemas/BUILD"}
17:08:59.42 [INFO] notify invalidation: cleared 0 and dirtied 0 nodes for: {"src/python/app/schemas", "src/python/app/schemas/BUILD"}
17:08:59.83 [INFO] notify invalidation: cleared 0 and dirtied 0 nodes for: {"src/python/app/schemas/BUILD", "src/python/app/schemas"}
17:08:59.83 [INFO] notify invalidation: cleared 0 and dirtied 0 nodes for: {"src/python/app/schemas/BUILD", "src/python/app/schemas"}
17:08:59.84 [INFO] notify invalidation: cleared 0 and dirtied 0 nodes for: {"src/python/app/schemas/BUILD", "src/python/app/schemas"}
17:08:59.84 [INFO] notify invalidation: cleared 0 and dirtied 0 nodes for: {"src/python/app/schemas/BUILD", "src/python/app/schemas"}
17:08:59.84 [INFO] notify invalidation: cleared 0 and dirtied 0 nodes for: {"src/python/app/schemas", "src/python/app/schemas/BUILD"}
17:08:59.84 [INFO] notify invalidation: cleared 0 and dirtied 0 nodes for: {"src/python/app/schemas/BUILD", "src/python/app/schemas"}
17:08:59.84 [INFO] notify invalidation: cleared 0 and dirtied 0 nodes for: {"src/python/app/schemas/BUILD", "src/python/app/schemas"}
17:08:59.84 [INFO] notify invalidation: cleared 0 and dirtied 0 nodes for: {"src/python/app/schemas/BUILD", "src/python/app/schemas"}
17:08:59.85 [INFO] notify invalidation: cleared 0 and dirtied 0 nodes for: {"src/python/app/schemas", "src/python/app/schemas/BUILD"}
17:08:59.85 [INFO] notify invalidation: cleared 0 and dirtied 0 nodes for: {"src/python/app/schemas", "src/python/app/schemas/BUILD"}
17:08:59.85 [INFO] notify invalidation: cleared 0 and dirtied 0 nodes for: {"src/python/app/schemas", "src/python/app/schemas/BUILD"}
17:08:59.85 [INFO] notify invalidation: cleared 0 and dirtied 0 nodes for: {"src/python/app/schemas", "src/python/app/schemas/BUILD"}
17:08:59.85 [INFO] notify invalidation: cleared 0 and dirtied 0 nodes for: {"src/python/app/schemas", "src/python/app/schemas/BUILD"}
17:08:59.85 [INFO] notify invalidation: cleared 0 and dirtied 0 nodes for: {"src/python/app/schemas/BUILD", "src/python/app/schemas"}
17:08:59.85 [INFO] notify invalidation: cleared 0 and dirtied 0 nodes for: {"src/python/app/schemas/BUILD", "src/python/app/schemas"}
17:08:59.85 [INFO] notify invalidation: cleared 0 and dirtied 0 nodes for: {"src/python/app/schemas", "src/python/app/schemas/BUILD"}
17:09:24.70 [INFO] notify invalidation: cleared 0 and dirtied 0 nodes for: {"src/python/app/tests/BUILD", "src/python/app/tests"}
17:09:24.70 [INFO] notify invalidation: cleared 0 and dirtied 0 nodes for: {"src/python/app/tests", "src/python/app/tests/BUILD"}
17:09:25.82 [INFO] notify invalidation: cleared 0 and dirtied 0 nodes for: {"src/python/app/tests", "src/python/app/tests/BUILD"}
17:09:25.82 [INFO] notify invalidation: cleared 0 and dirtied 0 nodes for: {"src/python/app/tests", "src/python/app/tests/BUILD"}
17:09:25.83 [INFO] notify invalidation: cleared 0 and dirtied 0 nodes for: {"src/python/app/tests", "src/python/app/tests/BUILD"}
17:09:25.83 [INFO] notify invalidation: cleared 0 and dirtied 0 nodes for: {"src/python/app/tests", "src/python/app/tests/BUILD"}
17:09:25.84 [INFO] notify invalidation: cleared 0 and dirtied 0 nodes for: {"src/python/app/tests", "src/python/app/tests/BUILD"}
17:09:25.84 [INFO] notify invalidation: cleared 0 and dirtied 0 nodes for: {"src/python/app/tests", "src/python/app/tests/BUILD"}
17:09:25.84 [INFO] notify invalidation: cleared 0 and dirtied 0 nodes for: {"src/python/app/tests/BUILD", "src/python/app/tests"}
17:09:25.84 [INFO] notify invalidation: cleared 0 and dirtied 0 nodes for: {"src/python/app/tests", "src/python/app/tests/BUILD"}
17:09:25.84 [INFO] notify invalidation: cleared 0 and dirtied 0 nodes for: {"src/python/app/tests", "src/python/app/tests/BUILD"}
17:09:25.84 [INFO] notify invalidation: cleared 0 and dirtied 0 nodes for: {"src/python/app/tests/BUILD", "src/python/app/tests"}
17:09:38.74 [INFO] notify invalidation: cleared 0 and dirtied 0 nodes for: {"src/python/app/schemas", "src/python/app/schemas/BU"}
17:09:38.74 [INFO] notify invalidation: cleared 0 and dirtied 0 nodes for: {"src/python/app/schemas", "src/python/app/schemas/BU"}
17:09:41.32 [INFO] notify invalidation: cleared 0 and dirtied 0 nodes for: {"src/python/app/schemas/BU", "src/python/app/schemas"}
17:09:41.32 [INFO] notify invalidation: cleared 0 and dirtied 0 nodes for: {"src/python/app/schemas/BU", "src/python/app/schemas"}
17:09:41.32 [INFO] notify invalidation: cleared 0 and dirtied 0 nodes for: {"src/python/app/schemas/BU", "src/python/app/schemas"}
17:09:41.32 [INFO] notify invalidation: cleared 0 and dirtied 0 nodes for: {"src/python/app/schemas", "src/python/app/schemas/BU"}
17:10:15.78 [INFO] Extending leases
17:10:15.78 [INFO] Done extending leases
17:10:47.19 [INFO] notify invalidation: cleared 0 and dirtied 0 nodes for: {"setup.cfg", ""}
17:10:47.19 [INFO] notify invalidation: cleared 1 and dirtied 2 nodes for: {"setup.cfg", ""}
17:10:48.44 [INFO] notify invalidation: cleared 0 and dirtied 0 nodes for: {"setup.cfg", ""}
17:10:48.44 [INFO] notify invalidation: cleared 1 and dirtied 2 nodes for: {"", "setup.cfg"}
17:10:48.45 [INFO] notify invalidation: cleared 0 and dirtied 0 nodes for: {"setup.cfg", ""}
17:10:48.45 [INFO] notify invalidation: cleared 1 and dirtied 2 nodes for: {"setup.cfg", ""}
17:10:48.47 [INFO] notify invalidation: cleared 1 and dirtied 2 nodes for: {"", "setup.cfg"}
17:10:48.47 [INFO] notify invalidation: cleared 0 and dirtied 0 nodes for: {"setup.cfg", ""}
17:10:48.47 [INFO] notify invalidation: cleared 0 and dirtied 0 nodes for: {"setup.cfg", ""}
17:10:48.47 [INFO] notify invalidation: cleared 0 and dirtied 0 nodes for: {"", "setup.cfg"}
17:10:48.47 [INFO] notify invalidation: cleared 0 and dirtied 0 nodes for: {"setup.cfg", ""}
17:10:48.47 [INFO] notify invalidation: cleared 0 and dirtied 0 nodes for: {"setup.cfg", ""}
17:11:03.24 [INFO] handling request: `--pants-bin-name=./pants --pants-version=2.6.1rc2 --version`
17:11:03.33 [INFO] request completed: `--pants-bin-name=./pants --pants-version=2.6.1rc2 --version`
17:11:07.40 [INFO] handling request: `--pants-bin-name=./pants --pants-version=2.6.1rc2`
17:11:07.46 [INFO] request completed: `--pants-bin-name=./pants --pants-version=2.6.1rc2`
17:11:12.09 [INFO] notify invalidation: cleared 0 and dirtied 0 nodes for: {"", "setup.cfg"}
17:11:12.09 [INFO] notify invalidation: cleared 1 and dirtied 2 nodes for: {"", "setup.cfg"}
17:11:12.10 [INFO] notify invalidation: cleared 0 and dirtied 0 nodes for: {"", "setup.cfg"}
17:11:12.10 [INFO] notify invalidation: cleared 0 and dirtied 0 nodes for: {"", "setup.cfg"}
17:11:12.10 [INFO] notify invalidation: cleared 1 and dirtied 2 nodes for: {"", "setup.cfg"}
17:11:12.10 [INFO] notify invalidation: cleared 1 and dirtied 2 nodes for: {"", "setup.cfg"}
17:11:12.10 [INFO] Filesystem changed during run: retrying `PySnapshot` in 500ms...
17:11:12.11 [INFO] notify invalidation: cleared 0 and dirtied 0 nodes for: {"", "setup.cfg"}
17:11:12.11 [INFO] notify invalidation: cleared 0 and dirtied 0 nodes for: {"", "setup.cfg"}
17:11:12.11 [INFO] notify invalidation: cleared 0 and dirtied 0 nodes for: {"", "setup.cfg"}
17:11:12.11 [INFO] notify invalidation: cleared 0 and dirtied 0 nodes for: {"", "setup.cfg"}
17:11:12.11 [INFO] notify invalidation: cleared 0 and dirtied 0 nodes for: {"", "setup.cfg"}
17:11:12.11 [INFO] notify invalidation: cleared 0 and dirtied 0 nodes for: {"setup.cfg", ""}
17:11:24.27 [INFO] handling request: `--pants-bin-name=./pants --pants-version=2.6.1rc2 src/python/app`
17:11:24.34 [INFO] request completed: `--pants-bin-name=./pants --pants-version=2.6.1rc2 src/python/app`
17:11:35.81 [INFO] Extending leases
17:11:35.81 [INFO] Done extending leases
17:11:37.59 [INFO] handling request: `--pants-bin-name=./pants --pants-version=2.6.1rc2 binary src/python/app`
17:11:37.66 [INFO] request completed: `--pants-bin-name=./pants --pants-version=2.6.1rc2 binary src/python/app`
17:11:55.33 [INFO] handling request: `--pants-bin-name=./pants --pants-version=2.6.1rc2 binary src/python/app/main`
17:11:55.42 [INFO] request completed: `--pants-bin-name=./pants --pants-version=2.6.1rc2 binary src/python/app/main`
17:12:02.90 [INFO] handling request: `--pants-bin-name=./pants --pants-version=2.6.1rc2 help`
17:12:02.95 [INFO] request completed: `--pants-bin-name=./pants --pants-version=2.6.1rc2 help`
17:12:18.25 [INFO] handling request: `--pants-bin-name=./pants --pants-version=2.6.1rc2 help goals`
17:12:18.30 [INFO] request completed: `--pants-bin-name=./pants --pants-version=2.6.1rc2 help goals`
17:12:23.81 [INFO] handling request: `--pants-bin-name=./pants --pants-version=2.6.1rc2 help goals list`
17:12:23.87 [INFO] request completed: `--pants-bin-name=./pants --pants-version=2.6.1rc2 help goals list`
17:12:33.47 [INFO] handling request: `--pants-bin-name=./pants --pants-version=2.6.1rc2 help list`
17:12:33.53 [INFO] request completed: `--pants-bin-name=./pants --pants-version=2.6.1rc2 help list`
17:12:53.21 [INFO] handling request: `--pants-bin-name=./pants --pants-version=2.6.1rc2 run src/python/app/main`
17:12:53.28 [INFO] request completed: `--pants-bin-name=./pants --pants-version=2.6.1rc2 run src/python/app/main`
17:12:55.84 [INFO] Extending leases
17:12:55.84 [INFO] Done extending leases
17:12:58.88 [INFO] handling request: `--pants-bin-name=./pants --pants-version=2.6.1rc2 run src/python/app`
17:12:58.94 [INFO] request completed: `--pants-bin-name=./pants --pants-version=2.6.1rc2 run src/python/app`
17:13:18.39 [INFO] handling request: `--pants-bin-name=./pants --pants-version=2.6.1rc2`
17:13:18.46 [INFO] request completed: `--pants-bin-name=./pants --pants-version=2.6.1rc2`
17:13:23.22 [INFO] handling request: `--pants-bin-name=./pants --pants-version=2.6.1rc2`
17:13:23.27 [INFO] request completed: `--pants-bin-name=./pants --pants-version=2.6.1rc2`
17:14:15.88 [INFO] Extending leases
17:14:15.89 [INFO] Done extending leases
17:14:21.16 [INFO] handling request: `--pants-bin-name=./pants --pants-version=2.6.1rc2 src/python/app`
17:14:21.24 [INFO] request completed: `--pants-bin-name=./pants --pants-version=2.6.1rc2 src/python/app`
17:15:35.93 [INFO] Extending leases
17:15:35.94 [INFO] Done extending leases
17:15:58.58 [INFO] notify invalidation: cleared 0 and dirtied 0 nodes for: {"src/python/app/__init__.py", "src/python/app"}
17:15:58.58 [INFO] notify invalidation: cleared 1 and dirtied 26 nodes for: {"src/python/app/__init__.py", "src/python/app"}
17:16:03.96 [INFO] notify invalidation: cleared 0 and dirtied 0 nodes for: {"src/python/app", "src/python/app/__init__.py"}
17:16:03.96 [INFO] notify invalidation: cleared 0 and dirtied 0 nodes for: {"src/python/app/__init__.py", "src/python/app"}
17:16:06.77 [INFO] notify invalidation: cleared 0 and dirtied 0 nodes for: {"", "BUILD"}
17:16:06.77 [INFO] notify invalidation: cleared 1 and dirtied 30 nodes for: {"", "BUILD"}
17:16:06.79 [INFO] notify invalidation: cleared 0 and dirtied 0 nodes for: {"BUILD", ""}
17:16:06.79 [INFO] notify invalidation: cleared 1 and dirtied 30 nodes for: {"", "BUILD"}
17:16:06.79 [INFO] notify invalidation: cleared 0 and dirtied 0 nodes for: {"BUILD", ""}
17:16:06.79 [INFO] notify invalidation: cleared 0 and dirtied 0 nodes for: {"BUILD", ""}
17:16:19.29 [INFO] handling request: `--pants-bin-name=./pants --pants-version=2.6.1rc2 src/python/app/main`
17:16:19.41 [INFO] request completed: `--pants-bin-name=./pants --pants-version=2.6.1rc2 src/python/app/main`
17:16:24.64 [INFO] handling request: `--pants-bin-name=./pants --pants-version=2.6.1rc2 build src/python/app/main`
17:16:24.70 [INFO] request completed: `--pants-bin-name=./pants --pants-version=2.6.1rc2 build src/python/app/main`
17:16:34.99 [INFO] handling request: `--pants-bin-name=./pants --pants-version=2.6.1rc2 help`
17:16:35.47 [INFO] request completed: `--pants-bin-name=./pants --pants-version=2.6.1rc2 help`
17:16:43.85 [INFO] handling request: `--pants-bin-name=./pants --pants-version=2.6.1rc2 help`
17:16:44.43 [INFO] request completed: `--pants-bin-name=./pants --pants-version=2.6.1rc2 help`
17:17:02.16 [INFO] handling request: `--pants-bin-name=./pants --pants-version=2.6.1rc2 targets`
17:17:02.22 [INFO] request completed: `--pants-bin-name=./pants --pants-version=2.6.1rc2 targets`
17:17:49.47 [INFO] notify invalidation: cleared 0 and dirtied 0 nodes for: {"src/python/app/BUILD", "src/python/app"}
17:17:49.47 [INFO] notify invalidation: cleared 0 and dirtied 0 nodes for: {"src/python/app/BUILD", "src/python/app"}
17:17:49.47 [INFO] notify invalidation: cleared 0 and dirtied 0 nodes for: {"src/python/app", "src/python/app/BUILD"}
17:17:49.47 [INFO] notify invalidation: cleared 1 and dirtied 15 nodes for: {"src/python/app", "src/python/app/BUILD"}
17:17:49.48 [INFO] notify invalidation: cleared 0 and dirtied 0 nodes for: {"src/python/app", "src/python/app/BUILD"}
17:17:49.48 [INFO] notify invalidation: cleared 0 and dirtied 0 nodes for: {"src/python/app", "src/python/app/BUILD"}
17:17:49.48 [INFO] notify invalidation: cleared 0 and dirtied 0 nodes for: {"src/python/app/BUILD", "src/python/app"}
17:17:49.48 [INFO] notify invalidation: cleared 0 and dirtied 0 nodes for: {"src/python/app", "src/python/app/BUILD"}
17:17:49.50 [INFO] notify invalidation: cleared 0 and dirtied 0 nodes for: {"src/python/app", "src/python/app/BUILD"}
17:17:49.50 [INFO] notify invalidation: cleared 0 and dirtied 0 nodes for: {"src/python/app/BUILD", "src/python/app"}
17:17:49.50 [INFO] notify invalidation: cleared 0 and dirtied 0 nodes for: {"src/python/app/BUILD", "src/python/app"}
17:17:49.50 [INFO] notify invalidation: cleared 0 and dirtied 0 nodes for: {"src/python/app/BUILD", "src/python/app"}
17:18:03.42 [INFO] handling request: `--pants-bin-name=./pants --pants-version=2.6.1rc2 binary`
17:18:03.51 [INFO] request completed: `--pants-bin-name=./pants --pants-version=2.6.1rc2 binary`
17:18:04.43 [INFO] Extending leases
17:18:04.43 [INFO] Done extending leases
17:18:10.06 [INFO] handling request: `--pants-bin-name=./pants --pants-version=2.6.1rc2 scan`
17:18:10.12 [INFO] request completed: `--pants-bin-name=./pants --pants-version=2.6.1rc2 scan`
17:19:24.47 [INFO] Extending leases
17:19:24.48 [INFO] Done extending leases
17:20:44.51 [INFO] Extending leases
17:20:44.51 [INFO] Done extending leases
17:22:04.54 [INFO] Extending leases
17:22:04.55 [INFO] Done extending leases
17:23:24.58 [INFO] Extending leases
17:23:24.58 [INFO] Done extending leases
17:23:36.13 [INFO] notify invalidation: cleared 0 and dirtied 0 nodes for: {"src/python/app", "src/python/app/__main__.py"}
17:23:36.13 [INFO] notify invalidation: cleared 0 and dirtied 0 nodes for: {"src/python/app/1__main__.py", "src/python/app"}
17:23:36.13 [INFO] notify invalidation: cleared 0 and dirtied 0 nodes for: {"src/python/app/1__main__.py", "src/python/app"}
17:23:36.13 [INFO] notify invalidation: cleared 0 and dirtied 0 nodes for: {"src/python/app", "src/python/app/__main__.py"}
17:23:36.13 [INFO] notify invalidation: cleared 0 and dirtied 0 nodes for: {"src/python/app", "src/python/app/1__main__.py"}
17:23:36.13 [INFO] notify invalidation: cleared 0 and dirtied 0 nodes for: {"src/python/app/1__main__.py", "src/python/app"}
17:23:36.13 [INFO] notify invalidation: cleared 0 and dirtied 0 nodes for: {"src/python/app", "src/python/app/__main__.py"}
17:23:36.13 [INFO] notify invalidation: cleared 0 and dirtied 0 nodes for: {"src/python/app", "src/python/app/1__main__.py"}
17:23:36.13 [INFO] notify invalidation: cleared 0 and dirtied 0 nodes for: {"src/python/app", "src/python/app/1__main__.py"}
17:23:36.13 [INFO] notify invalidation: cleared 0 and dirtied 0 nodes for: {"src/python/app/__main__.py", "src/python/app"}
17:23:36.13 [INFO] notify invalidation: cleared 0 and dirtied 0 nodes for: {"src/python/app/1__main__.py", "src/python/app"}
17:23:36.13 [INFO] notify invalidation: cleared 0 and dirtied 0 nodes for: {"src/python/app", "src/python/app/1__main__.py"}
17:24:24.34 [INFO] notify invalidation: cleared 0 and dirtied 0 nodes for: {"src/python/app/main.py", "src/python/app"}
17:24:24.34 [INFO] notify invalidation: cleared 0 and dirtied 0 nodes for: {"src/python/app", "src/python/app/main.py"}
17:24:24.34 [INFO] notify invalidation: cleared 0 and dirtied 0 nodes for: {"src/python/app", "src/python/app/main.py"}
17:24:24.34 [INFO] notify invalidation: cleared 0 and dirtied 0 nodes for: {"src/python/app/main.py", "src/python/app"}
17:24:24.35 [INFO] notify invalidation: cleared 0 and dirtied 0 nodes for: {"src/python/app", "src/python/app/main.py"}
17:24:24.35 [INFO] notify invalidation: cleared 0 and dirtied 0 nodes for: {"src/python/app/main.py", "src/python/app"}
17:24:24.35 [INFO] notify invalidation: cleared 0 and dirtied 0 nodes for: {"src/python/app", "src/python/app/main.py"}
17:24:24.35 [INFO] notify invalidation: cleared 0 and dirtied 0 nodes for: {"src/python/app", "src/python/app/main.py"}
17:24:24.35 [INFO] notify invalidation: cleared 0 and dirtied 0 nodes for: {"src/python/app/main.py", "src/python/app"}
17:24:24.35 [INFO] notify invalidation: cleared 0 and dirtied 0 nodes for: {"src/python/app/main.py", "src/python/app"}
17:24:24.35 [INFO] notify invalidation: cleared 0 and dirtied 0 nodes for: {"src/python/app", "src/python/app/main.py"}
17:24:24.35 [INFO] notify invalidation: cleared 0 and dirtied 0 nodes for: {"src/python/app/main.py", "src/python/app"}
17:24:36.73 [INFO] notify invalidation: cleared 0 and dirtied 0 nodes for: {"src/python/app/__init__.py", "src/python/app"}
17:24:36.73 [INFO] notify invalidation: cleared 0 and dirtied 0 nodes for: {"src/python/app/__init__.py", "src/python/app"}
17:24:36.73 [INFO] notify invalidation: cleared 0 and dirtied 0 nodes for: {"src/python/app/__init__.py", "src/python/app"}
17:24:36.73 [INFO] notify invalidation: cleared 0 and dirtied 0 nodes for: {"src/python/app", "src/python/app/__init__.py"}
17:24:44.61 [INFO] Extending leases
17:24:44.62 [INFO] Done extending leases
17:24:45.56 [INFO] notify invalidation: cleared 0 and dirtied 0 nodes for: {"src/python/app/main.py", "src/python/app"}
17:24:45.56 [INFO] notify invalidation: cleared 0 and dirtied 0 nodes for: {"src/python/app/main.py", "src/python/app"}
17:24:45.56 [INFO] notify invalidation: cleared 0 and dirtied 0 nodes for: {"src/python/app", "src/python/app/main.py"}
17:24:45.56 [INFO] notify invalidation: cleared 0 and dirtied 0 nodes for: {"src/python/app", "src/python/app/main.py"}
17:24:45.58 [INFO] notify invalidation: cleared 0 and dirtied 0 nodes for: {"src/python/app/main.py", "src/python/app"}
17:24:45.58 [INFO] notify invalidation: cleared 0 and dirtied 0 nodes for: {"src/python/app/main.py", "src/python/app"}
17:24:45.58 [INFO] notify invalidation: cleared 0 and dirtied 0 nodes for: {"src/python/app", "src/python/app/main.py"}
17:24:45.58 [INFO] notify invalidation: cleared 0 and dirtied 0 nodes for: {"src/python/app", "src/python/app/main.py"}
17:24:45.58 [INFO] notify invalidation: cleared 0 and dirtied 0 nodes for: {"src/python/app", "src/python/app/main.py"}
17:24:45.58 [INFO] notify invalidation: cleared 0 and dirtied 0 nodes for: {"src/python/app", "src/python/app/main.py"}
17:24:45.58 [INFO] notify invalidation: cleared 0 and dirtied 0 nodes for: {"src/python/app/main.py", "src/python/app"}
17:24:45.58 [INFO] notify invalidation: cleared 0 and dirtied 0 nodes for: {"src/python/app", "src/python/app/main.py"}
17:26:04.65 [INFO] Extending leases
17:26:04.65 [INFO] Done extending leases
17:26:30.42 [INFO] notify invalidation: cleared 0 and dirtied 0 nodes for: {"src/python/app", "src/python/app/main.py"}
17:26:30.42 [INFO] notify invalidation: cleared 0 and dirtied 0 nodes for: {"src/python/app", "src/python/app/main.py"}
17:26:30.42 [INFO] notify invalidation: cleared 0 and dirtied 0 nodes for: {"src/python/app", "src/python/app/main.py"}
17:26:30.42 [INFO] notify invalidation: cleared 0 and dirtied 0 nodes for: {"src/python/app", "src/python/app/main.py"}
17:26:30.43 [INFO] notify invalidation: cleared 0 and dirtied 0 nodes for: {"src/python/app/main.py", "src/python/app"}
17:26:30.43 [INFO] notify invalidation: cleared 0 and dirtied 0 nodes for: {"src/python/app", "src/python/app/main.py"}
17:26:30.43 [INFO] notify invalidation: cleared 0 and dirtied 0 nodes for: {"src/python/app/main.py", "src/python/app"}
17:26:30.43 [INFO] notify invalidation: cleared 0 and dirtied 0 nodes for: {"src/python/app/main.py", "src/python/app"}
17:26:30.43 [INFO] notify invalidation: cleared 0 and dirtied 0 nodes for: {"src/python/app", "src/python/app/main.py"}
17:26:30.43 [INFO] notify invalidation: cleared 0 and dirtied 0 nodes for: {"src/python/app/main.py", "src/python/app"}
17:26:30.43 [INFO] notify invalidation: cleared 0 and dirtied 0 nodes for: {"src/python/app/main.py", "src/python/app"}
17:26:30.43 [INFO] notify invalidation: cleared 0 and dirtied 0 nodes for: {"src/python/app", "src/python/app/main.py"}
17:27:24.69 [INFO] Extending leases
17:27:24.69 [INFO] Done extending leases
17:28:44.73 [INFO] Extending leases
17:28:44.74 [INFO] Done extending leases
17:30:04.78 [INFO] Extending leases
17:30:04.81 [INFO] Done extending leases
17:31:24.85 [INFO] Extending leases
17:31:24.85 [INFO] Done extending leases
17:32:44.88 [INFO] Extending leases
17:32:44.89 [INFO] Done extending leases
17:34:04.93 [INFO] Extending leases
17:34:04.95 [INFO] Done extending leases
17:35:24.99 [INFO] Extending leases
17:35:25.00 [INFO] Done extending leases
17:36:45.03 [INFO] Extending leases
17:36:45.03 [INFO] Done extending leases
17:38:05.07 [INFO] Extending leases
17:38:05.07 [INFO] Done extending leases
17:39:01.68 [INFO] notify invalidation: cleared 0 and dirtied 0 nodes for: {"", "app"}
17:39:01.68 [INFO] notify invalidation: cleared 1 and dirtied 2 nodes for: {"app", ""}
17:39:01.68 [INFO] notify invalidation: cleared 1 and dirtied 30 nodes for: {"", "app"}
17:39:01.68 [INFO] notify invalidation: cleared 1 and dirtied 2 nodes for: {"app", ""}
17:39:01.69 [INFO] notify invalidation: cleared 0 and dirtied 0 nodes for: {"app/api", "app"}
17:39:01.69 [INFO] notify invalidation: cleared 0 and dirtied 0 nodes for: {"app/api", "app"}
17:39:01.69 [INFO] notify invalidation: cleared 0 and dirtied 0 nodes for: {"app", "app/api"}
17:39:01.69 [INFO] notify invalidation: cleared 0 and dirtied 0 nodes for: {"app", "app/api"}
17:39:01.69 [INFO] notify invalidation: cleared 0 and dirtied 0 nodes for: {"app/api", "app/api/__init__.py"}
17:39:01.69 [INFO] notify invalidation: cleared 0 and dirtied 0 nodes for: {"app/api", "app/api/__init__.py"}
17:39:01.69 [INFO] notify invalidation: cleared 0 and dirtied 0 nodes for: {"app/api", "app/api/__init__.py"}
17:39:01.69 [INFO] notify invalidation: cleared 0 and dirtied 0 nodes for: {"app/api/__init__.py", "app/api"}
17:39:01.70 [INFO] notify invalidation: cleared 0 and dirtied 0 nodes for: {"app/api/__init__.py", "app/api"}
17:39:01.70 [INFO] notify invalidation: cleared 0 and dirtied 0 nodes for: {"app/api", "app/api/__init__.py"}
17:39:01.70 [INFO] notify invalidation: cleared 0 and dirtied 0 nodes for: {"app/api/__init__.py", "app/api"}
17:39:01.70 [INFO] notify invalidation: cleared 0 and dirtied 0 nodes for: {"app/api", "app/api/__init__.py"}
17:39:01.70 [INFO] notify invalidation: cleared 0 and dirtied 0 nodes for: {"app/api/__init__.py", "app/api"}
17:39:01.70 [INFO] notify invalidation: cleared 0 and dirtied 0 nodes for: {"app/api", "app/api/__init__.py"}
17:39:01.70 [INFO] notify invalidation: cleared 0 and dirtied 0 nodes for: {"app/api/__init__.py", "app/api"}
17:39:01.70 [INFO] notify invalidation: cleared 0 and dirtied 0 nodes for: {"app/api", "app/api/__init__.py"}
17:39:02.46 [INFO] notify invalidation: cleared 0 and dirtied 0 nodes for: {"app/api/__init__.py", "app/api"}
17:39:02.46 [INFO] notify invalidation: cleared 0 and dirtied 0 nodes for: {"app/api/__init__.py", "app/api"}
17:39:02.46 [INFO] notify invalidation: cleared 0 and dirtied 0 nodes for: {"app/api/__init__.py", "app/api"}
17:39:02.46 [INFO] notify invalidation: cleared 0 and dirtied 0 nodes for: {"app/api/__init__.py", "app/api"}
17:39:02.46 [INFO] notify invalidation: cleared 0 and dirtied 0 nodes for: {"app/api", "app/api/__init__.py"}
17:39:02.46 [INFO] notify invalidation: cleared 0 and dirtied 0 nodes for: {"app/api/__init__.py", "app/api"}
17:39:02.46 [INFO] notify invalidation: cleared 0 and dirtied 0 nodes for: {"app/api/__init__.py", "app/api"}
17:39:02.46 [INFO] notify invalidation: cleared 0 and dirtied 0 nodes for: {"app/api/__init__.py", "app/api"}
17:39:02.46 [INFO] notify invalidation: cleared 0 and dirtied 0 nodes for: {"app/api/__init__.py", "app/api"}
17:39:02.46 [INFO] notify invalidation: cleared 0 and dirtied 0 nodes for: {"app/api", "app/api/__init__.py"}
17:39:02.48 [INFO] notify invalidation: cleared 0 and dirtied 0 nodes for: {"app/api/__init__.py", "app/api"}
17:39:02.48 [INFO] notify invalidation: cleared 0 and dirtied 0 nodes for: {"app/api", "app/api/__init__.py"}
17:39:02.49 [INFO] notify invalidation: cleared 0 and dirtied 0 nodes for: {"app/api", "app/api/__init__.py"}
17:39:02.49 [INFO] notify invalidation: cleared 0 and dirtied 0 nodes for: {"app/api", "app/api/__init__.py"}
17:39:02.49 [INFO] notify invalidation: cleared 0 and dirtied 0 nodes for: {"app/api/__init__.py", "app/api"}
17:39:02.49 [INFO] notify invalidation: cleared 0 and dirtied 0 nodes for: {"app/api", "app/api/__init__.py"}
17:39:02.49 [INFO] notify invalidation: cleared 0 and dirtied 0 nodes for: {"app/api", "app/api/__init__.py"}
17:39:02.49 [INFO] notify invalidation: cleared 0 and dirtied 0 nodes for: {"app/api/__init__.py", "app/api"}
17:39:02.49 [INFO] notify invalidation: cleared 0 and dirtied 0 nodes for: {"app/api/__init__.py", "app/api"}
17:39:02.49 [INFO] notify invalidation: cleared 0 and dirtied 0 nodes for: {"app/api", "app/api/__init__.py"}
17:39:02.49 [INFO] notify invalidation: cleared 0 and dirtied 0 nodes for: {"app/api", "app/api/__init__.py"}
17:39:02.49 [INFO] notify invalidation: cleared 0 and dirtied 0 nodes for: {"app/api", "app/api/__init__.py"}
17:39:02.49 [INFO] notify invalidation: cleared 0 and dirtied 0 nodes for: {"app/api/__init__.py", "app/api"}
17:39:02.49 [INFO] notify invalidation: cleared 0 and dirtied 0 nodes for: {"app/api/__init__.py", "app/api"}
17:39:17.43 [INFO] notify invalidation: cleared 0 and dirtied 0 nodes for: {"app/api", "app/api/__init__.py"}
17:39:17.43 [INFO] notify invalidation: cleared 0 and dirtied 0 nodes for: {"app/api", "app/api/__init__.py"}
17:39:17.43 [INFO] notify invalidation: cleared 0 and dirtied 0 nodes for: {"app/api", "app/api/__init__.py"}
17:39:17.43 [INFO] notify invalidation: cleared 0 and dirtied 0 nodes for: {"app/api", "app/api/__init__.py"}
17:39:17.43 [INFO] notify invalidation: cleared 0 and dirtied 0 nodes for: {"app/api/__init__.py", "app/api"}
17:39:17.43 [INFO] notify invalidation: cleared 0 and dirtied 0 nodes for: {"app/api/__init__.py", "app/api"}
17:39:17.43 [INFO] notify invalidation: cleared 0 and dirtied 0 nodes for: {"app/api/__init__.py", "app/api"}
17:39:17.43 [INFO] notify invalidation: cleared 0 and dirtied 0 nodes for: {"app/api/__init__.py", "app/api"}
17:39:25.10 [INFO] Extending leases
17:39:25.11 [INFO] Done extending leases
17:39:54.58 [INFO] notify invalidation: cleared 0 and dirtied 0 nodes for: {"app/api", "app/api/__init__.py"}
17:39:54.58 [INFO] notify invalidation: cleared 0 and dirtied 0 nodes for: {"app/api/__init__.py", "app/api"}
17:39:54.58 [INFO] notify invalidation: cleared 0 and dirtied 0 nodes for: {"app/api", "app/api/__init__.py"}
17:39:54.58 [INFO] notify invalidation: cleared 0 and dirtied 0 nodes for: {"app/api", "app/api/__init__.py"}
17:39:54.60 [INFO] notify invalidation: cleared 0 and dirtied 0 nodes for: {"app/api", "app/api/__init__.py"}
17:39:54.60 [INFO] notify invalidation: cleared 0 and dirtied 0 nodes for: {"app/api", "app/api/__init__.py"}
17:39:54.60 [INFO] notify invalidation: cleared 0 and dirtied 0 nodes for: {"app/api/__init__.py", "app/api"}
17:39:54.60 [INFO] notify invalidation: cleared 0 and dirtied 0 nodes for: {"app/api/__init__.py", "app/api"}
17:39:54.60 [INFO] notify invalidation: cleared 0 and dirtied 0 nodes for: {"app/api/__init__.py", "app/api"}
17:39:54.60 [INFO] notify invalidation: cleared 0 and dirtied 0 nodes for: {"app/api", "app/api/__init__.py"}
17:39:54.60 [INFO] notify invalidation: cleared 0 and dirtied 0 nodes for: {"app/api", "app/api/__init__.py"}
17:39:54.60 [INFO] notify invalidation: cleared 0 and dirtied 0 nodes for: {"app/api", "app/api/__init__.py"}
17:40:04.51 [INFO] notify invalidation: cleared 0 and dirtied 0 nodes for: {"app/api/__init__.py", "app/api"}
17:40:04.51 [INFO] notify invalidation: cleared 0 and dirtied 0 nodes for: {"app/api/__init__.py", "app/api"}
17:40:04.51 [INFO] notify invalidation: cleared 0 and dirtied 0 nodes for: {"app/api", "app/api/__init__.py"}
17:40:04.51 [INFO] notify invalidation: cleared 0 and dirtied 0 nodes for: {"app/api/__init__.py", "app/api"}
17:40:04.52 [INFO] notify invalidation: cleared 0 and dirtied 0 nodes for: {"app/api", "app/api/__init__.py"}
17:40:04.52 [INFO] notify invalidation: cleared 0 and dirtied 0 nodes for: {"app/api/__init__.py", "app/api"}
17:40:04.52 [INFO] notify invalidation: cleared 0 and dirtied 0 nodes for: {"app/api", "app/api/__init__.py"}
17:40:04.52 [INFO] notify invalidation: cleared 0 and dirtied 0 nodes for: {"app/api/__init__.py", "app/api"}
17:40:04.53 [INFO] notify invalidation: cleared 0 and dirtied 0 nodes for: {"app/api", "app/api/__init__.py"}
17:40:04.53 [INFO] notify invalidation: cleared 0 and dirtied 0 nodes for: {"app/api", "app/api/__init__.py"}
17:40:04.53 [INFO] notify invalidation: cleared 0 and dirtied 0 nodes for: {"app/api", "app/api/__init__.py"}
17:40:04.53 [INFO] notify invalidation: cleared 0 and dirtied 0 nodes for: {"app/api", "app/api/__init__.py"}
17:40:04.53 [INFO] notify invalidation: cleared 0 and dirtied 0 nodes for: {"app/api", "app/api/__init__.py"}
17:40:04.53 [INFO] notify invalidation: cleared 0 and dirtied 0 nodes for: {"app/api", "app/api/__init__.py"}
17:40:04.53 [INFO] notify invalidation: cleared 0 and dirtied 0 nodes for: {"app/api", "app/api/__init__.py"}
17:40:04.53 [INFO] notify invalidation: cleared 0 and dirtied 0 nodes for: {"app/api/__init__.py", "app/api"}
17:40:45.13 [INFO] Extending leases
17:40:45.14 [INFO] Done extending leases
17:41:31.95 [INFO] notify invalidation: cleared 0 and dirtied 0 nodes for: {"app/api/__init__.py", "app/api"}
17:41:31.95 [INFO] notify invalidation: cleared 0 and dirtied 0 nodes for: {"app/api", "app/api/__init__.py"}
17:41:31.95 [INFO] notify invalidation: cleared 0 and dirtied 0 nodes for: {"app/api", "app/api/__init__.py"}
17:41:31.95 [INFO] notify invalidation: cleared 0 and dirtied 0 nodes for: {"app/api", "app/api/__init__.py"}
17:41:31.96 [INFO] notify invalidation: cleared 0 and dirtied 0 nodes for: {"app/api", "app/api/__init__.py"}
17:41:31.96 [INFO] notify invalidation: cleared 0 and dirtied 0 nodes for: {"app/api/__init__.py", "app/api"}
17:41:31.96 [INFO] notify invalidation: cleared 0 and dirtied 0 nodes for: {"app/api/__init__.py", "app/api"}
17:41:31.96 [INFO] notify invalidation: cleared 0 and dirtied 0 nodes for: {"app/api/__init__.py", "app/api"}
17:41:31.96 [INFO] notify invalidation: cleared 0 and dirtied 0 nodes for: {"app/api/__init__.py", "app/api"}
17:41:31.96 [INFO] notify invalidation: cleared 0 and dirtied 0 nodes for: {"app/api", "app/api/__init__.py"}
17:41:31.96 [INFO] notify invalidation: cleared 0 and dirtied 0 nodes for: {"app/api", "app/api/__init__.py"}
17:41:31.96 [INFO] notify invalidation: cleared 0 and dirtied 0 nodes for: {"app/api/__init__.py", "app/api"}
17:42:05.17 [INFO] Extending leases
17:42:05.17 [INFO] Done extending leases
17:42:31.92 [INFO] notify invalidation: cleared 0 and dirtied 0 nodes for: {"src/python/worker/__main__.py", "src/python/worker"}
17:42:31.92 [INFO] notify invalidation: cleared 0 and dirtied 0 nodes for: {"src/python/worker", "src/python/worker/__main__.py"}
17:42:31.92 [INFO] notify invalidation: cleared 0 and dirtied 0 nodes for: {"src/python/worker", "src/python/worker/__main__.py"}
17:42:31.92 [INFO] notify invalidation: cleared 0 and dirtied 0 nodes for: {"src/python/worker/__main__.py", "src/python/worker"}
17:42:31.93 [INFO] notify invalidation: cleared 0 and dirtied 0 nodes for: {"src/python/worker", "src/python/worker/__main__.py"}
17:42:31.93 [INFO] notify invalidation: cleared 0 and dirtied 0 nodes for: {"src/python/worker/__main__.py", "src/python/worker"}
17:42:31.93 [INFO] notify invalidation: cleared 0 and dirtied 0 nodes for: {"src/python/worker/__main__.py", "src/python/worker"}
17:42:31.93 [INFO] notify invalidation: cleared 0 and dirtied 0 nodes for: {"src/python/worker", "src/python/worker/__main__.py"}
17:42:31.93 [INFO] notify invalidation: cleared 0 and dirtied 0 nodes for: {"src/python/worker", "src/python/worker/__main__.py"}
17:42:31.93 [INFO] notify invalidation: cleared 0 and dirtied 0 nodes for: {"src/python/worker/__main__.py", "src/python/worker"}
17:42:31.93 [INFO] notify invalidation: cleared 0 and dirtied 0 nodes for: {"src/python/worker/__main__.py", "src/python/worker"}
17:42:31.93 [INFO] notify invalidation: cleared 0 and dirtied 0 nodes for: {"src/python/worker/__main__.py", "src/python/worker"}
17:42:33.15 [INFO] notify invalidation: cleared 0 and dirtied 0 nodes for: {"src/python/worker", "src/python/worker/__main__.py"}
17:42:33.15 [INFO] notify invalidation: cleared 0 and dirtied 0 nodes for: {"src/python/worker", "src/python/worker/__main__.py"}
17:42:33.15 [INFO] notify invalidation: cleared 0 and dirtied 0 nodes for: {"src/python/worker/__main__.py", "src/python/worker"}
17:42:33.15 [INFO] notify invalidation: cleared 0 and dirtied 0 nodes for: {"src/python/worker", "src/python/worker/__main__.py"}
17:42:33.15 [INFO] notify invalidation: cleared 0 and dirtied 0 nodes for: {"src/python/worker/__main__.py", "src/python/worker"}
17:42:33.15 [INFO] notify invalidation: cleared 0 and dirtied 0 nodes for: {"src/python/worker", "src/python/worker/__main__.py"}
17:42:33.15 [INFO] notify invalidation: cleared 0 and dirtied 0 nodes for: {"src/python/worker", "src/python/worker/__main__.py"}
17:42:33.15 [INFO] notify invalidation: cleared 0 and dirtied 0 nodes for: {"src/python/worker/__main__.py", "src/python/worker"}
17:42:33.16 [INFO] notify invalidation: cleared 0 and dirtied 0 nodes for: {"src/python/worker", "src/python/worker/__main__.py"}
17:42:33.16 [INFO] notify invalidation: cleared 0 and dirtied 0 nodes for: {"src/python/worker", "src/python/worker/__main__.py"}
17:42:33.16 [INFO] notify invalidation: cleared 0 and dirtied 0 nodes for: {"src/python/worker/__main__.py", "src/python/worker"}
17:42:33.16 [INFO] notify invalidation: cleared 0 and dirtied 0 nodes for: {"src/python/worker", "src/python/worker/__main__.py"}
17:42:33.16 [INFO] notify invalidation: cleared 0 and dirtied 0 nodes for: {"src/python/worker", "src/python/worker/__main__.py"}
17:42:33.16 [INFO] notify invalidation: cleared 0 and dirtied 0 nodes for: {"src/python/worker", "src/python/worker/__main__.py"}
17:42:33.16 [INFO] notify invalidation: cleared 0 and dirtied 0 nodes for: {"src/python/worker/__main__.py", "src/python/worker"}
17:42:33.16 [INFO] notify invalidation: cleared 0 and dirtied 0 nodes for: {"src/python/worker/__main__.py", "src/python/worker"}
17:43:25.21 [INFO] Extending leases
17:43:25.21 [INFO] Done extending leases
17:44:45.25 [INFO] Extending leases
17:44:45.25 [INFO] Done extending leases
17:46:05.27 [INFO] Extending leases
17:46:05.28 [INFO] Done extending leases
17:46:51.48 [INFO] notify invalidation: cleared 0 and dirtied 0 nodes for: {"", "app"}
17:46:51.48 [INFO] notify invalidation: cleared 0 and dirtied 0 nodes for: {"app", ""}
17:46:51.48 [INFO] notify invalidation: cleared 0 and dirtied 0 nodes for: {"", "app"}
17:46:51.48 [INFO] notify invalidation: cleared 1 and dirtied 2 nodes for: {"app", ""}
17:47:25.30 [INFO] Extending leases
17:47:25.30 [INFO] Done extending leases
17:48:45.33 [INFO] Extending leases
17:48:45.33 [INFO] Done extending leases
17:50:05.37 [INFO] Extending leases
17:50:05.38 [INFO] Done extending leases
17:51:25.40 [INFO] Extending leases
17:51:25.41 [INFO] Done extending leases
17:52:45.42 [INFO] Extending leases
17:52:45.43 [INFO] Done extending leases
